<?xml version="1.0" encoding="utf-8" ?>
<!DOCTYPE html PUBLIC "-//W3C//DTD XHTML 1.0 Strict//EN"
        "http://www.w3.org/TR/xhtml1/DTD/xhtml1-strict.dtd">
<html xmlns="http://www.w3.org/1999/xhtml" xml:lang="" lang="">
<head>
  <title>Test Results Report - CI Certificate: WFJK v3 - iPad Mini 2</title>
  <meta http-equiv="Content-Type" content="text/html;charset=utf-8" />
  <meta name="description" content="TestNG unit test results." />
  <link href="reportng.css" rel="stylesheet" type="text/css" />
    <script type="text/javascript" src="reportng.js"></script>
</head>
<body>
<h1>CI Certificate: WFJK v3 - iPad Mini 2</h1>
<p>
  Test duration: 356.724s
</p>



  <table class="resultsTable">
    <tr><th colspan="3" class="header failed">Failed Tests</th></tr>
          <tr>
        <td colspan="3" class="group">test.MainTestWF</td>
      </tr>
            
<tr>
  <td class="method">
                  test11_wf
      </td>
  <td class="duration">
    20.956s
  </td>
  <td class="result">
        
    
        

        <a href="javascript:toggleElement('exception-0', 'block')" title="Click to expand/collapse"><b>org.openqa.selenium.WebDriverException: Failed to execute command webpage.element click : clickControl command failed. Reason: handset server: element not found<br/>
Command duration or timeout: 5.99 seconds<br/>
Build info: version: &apos;2.45.0&apos;, revision: &apos;5017cb8&apos;, time: &apos;2015-02-26 23:59:50&apos;<br/>
System info: host: &apos;Dell-PC&apos;, ip: &apos;192.168.252.188&apos;, os.name: &apos;Windows 7&apos;, os.arch: &apos;amd64&apos;, os.version: &apos;6.1&apos;, java.version: &apos;1.8.0_31&apos;<br/>
Driver info: org.openqa.selenium.remote.RemoteWebDriver<br/>
Capabilities [{rotatable=true, deviceName=601E806DA24F7E846BCF7F41ACEFFA70425EEDE4, platform=ANY, executionId=eugene.yu@ymcsolutions.com_PerfectoMobileDriver_15-07-02_00_39_40_4676, password=ymcDemo321!, webdriver.remote.sessionid=25ce826c-4be8-4edd-81e1-09642e5aa065, host=partners.perfectomobile.com, locationContextEnabled=true, browserName=mobileSafari, takesScreenshot=true, javascriptEnabled=true, reportKey=PRIVATE:PerfectoMobileDriver/PerfectoMobileDriver_15-07-02_00_39_40_4676.xml, platformName=iOS, user=eugene.yu@ymcsolutions.com, cssSelectorsEnabled=true}]<br/>
Session ID: 25ce826c-4be8-4edd-81e1-09642e5aa065</b></a><br />
    <div class="stackTrace" id="exception-0">
              sun.reflect.NativeConstructorAccessorImpl.newInstance0(Native Method)<br />
              sun.reflect.NativeConstructorAccessorImpl.newInstance(Unknown Source)<br />
              sun.reflect.DelegatingConstructorAccessorImpl.newInstance(Unknown Source)<br />
              java.lang.reflect.Constructor.newInstance(Unknown Source)<br />
              org.openqa.selenium.remote.ErrorHandler.createThrowable(ErrorHandler.java:204)<br />
              org.openqa.selenium.remote.ErrorHandler.throwIfResponseFailed(ErrorHandler.java:156)<br />
              org.openqa.selenium.remote.RemoteWebDriver.execute(RemoteWebDriver.java:599)<br />
              org.openqa.selenium.remote.RemoteWebElement.execute(RemoteWebElement.java:268)<br />
              org.openqa.selenium.remote.RemoteWebElement.click(RemoteWebElement.java:79)<br />
              test.Pages.Page11.wf_testStudentLoansMobile(Page11.java:77)<br />
              test.MainTestWF.test11_wf(MainTestWF.java:200)<br />
              sun.reflect.NativeMethodAccessorImpl.invoke0(Native Method)<br />
              sun.reflect.NativeMethodAccessorImpl.invoke(Unknown Source)<br />
              sun.reflect.DelegatingMethodAccessorImpl.invoke(Unknown Source)<br />
              java.lang.reflect.Method.invoke(Unknown Source)<br />
              org.testng.internal.MethodInvocationHelper.invokeMethod(MethodInvocationHelper.java:84)<br />
              org.testng.internal.Invoker.invokeMethod(Invoker.java:714)<br />
              org.testng.internal.Invoker.invokeTestMethod(Invoker.java:901)<br />
              org.testng.internal.Invoker.invokeTestMethods(Invoker.java:1231)<br />
              org.testng.internal.TestMethodWorker.invokeTestMethods(TestMethodWorker.java:127)<br />
              org.testng.internal.TestMethodWorker.run(TestMethodWorker.java:111)<br />
              org.testng.TestRunner.privateRun(TestRunner.java:767)<br />
              org.testng.TestRunner.run(TestRunner.java:617)<br />
              org.testng.SuiteRunner.runTest(SuiteRunner.java:334)<br />
              org.testng.SuiteRunner.access$000(SuiteRunner.java:37)<br />
              org.testng.SuiteRunner$SuiteWorker.run(SuiteRunner.java:368)<br />
              org.testng.internal.thread.ThreadUtil$2.call(ThreadUtil.java:64)<br />
              java.util.concurrent.FutureTask.run(Unknown Source)<br />
              java.util.concurrent.ThreadPoolExecutor.runWorker(Unknown Source)<br />
              java.util.concurrent.ThreadPoolExecutor$Worker.run(Unknown Source)<br />
              java.lang.Thread.run(Unknown Source)<br />
                    <b>Caused by: </b> <a href="javascript:toggleElement('exception-1', 'block')" title="Click to expand/collapse">org.openqa.selenium.remote.ScreenshotException: Screen shot has been taken<br/>
Build info: version: &apos;2.45.0&apos;, revision: &apos;5017cb8&apos;, time: &apos;2015-02-26 23:59:50&apos;<br/>
System info: host: &apos;Dell-PC&apos;, ip: &apos;192.168.252.188&apos;, os.name: &apos;Windows 7&apos;, os.arch: &apos;amd64&apos;, os.version: &apos;6.1&apos;, java.version: &apos;1.8.0_31&apos;<br/>
Driver info: driver.version: RemoteWebDriver</a><br />
        <div class="stackTrace" id="exception-1">
                      org.openqa.selenium.remote.ErrorHandler.throwIfResponseFailed(ErrorHandler.java:136)<br />
                      org.openqa.selenium.remote.RemoteWebDriver.execute(RemoteWebDriver.java:599)<br />
                      org.openqa.selenium.remote.RemoteWebElement.execute(RemoteWebElement.java:268)<br />
                      org.openqa.selenium.remote.RemoteWebElement.click(RemoteWebElement.java:79)<br />
                      test.Pages.Page11.wf_testStudentLoansMobile(Page11.java:77)<br />
                      test.MainTestWF.test11_wf(MainTestWF.java:200)<br />
                      sun.reflect.NativeMethodAccessorImpl.invoke0(Native Method)<br />
                      sun.reflect.NativeMethodAccessorImpl.invoke(Unknown Source)<br />
                      sun.reflect.DelegatingMethodAccessorImpl.invoke(Unknown Source)<br />
                      java.lang.reflect.Method.invoke(Unknown Source)<br />
                      org.testng.internal.MethodInvocationHelper.invokeMethod(MethodInvocationHelper.java:84)<br />
                      org.testng.internal.Invoker.invokeMethod(Invoker.java:714)<br />
                      org.testng.internal.Invoker.invokeTestMethod(Invoker.java:901)<br />
                      org.testng.internal.Invoker.invokeTestMethods(Invoker.java:1231)<br />
                      org.testng.internal.TestMethodWorker.invokeTestMethods(TestMethodWorker.java:127)<br />
                      org.testng.internal.TestMethodWorker.run(TestMethodWorker.java:111)<br />
                      org.testng.TestRunner.privateRun(TestRunner.java:767)<br />
                      org.testng.TestRunner.run(TestRunner.java:617)<br />
                      org.testng.SuiteRunner.runTest(SuiteRunner.java:334)<br />
                      org.testng.SuiteRunner.access$000(SuiteRunner.java:37)<br />
                      org.testng.SuiteRunner$SuiteWorker.run(SuiteRunner.java:368)<br />
                      org.testng.internal.thread.ThreadUtil$2.call(ThreadUtil.java:64)<br />
                      java.util.concurrent.FutureTask.run(Unknown Source)<br />
                      java.util.concurrent.ThreadPoolExecutor.runWorker(Unknown Source)<br />
                      java.util.concurrent.ThreadPoolExecutor$Worker.run(Unknown Source)<br />
                      java.lang.Thread.run(Unknown Source)<br />
                  </div>
              <b>Caused by: </b> <a href="javascript:toggleElement('exception-2', 'block')" title="Click to expand/collapse">org.openqa.selenium.WebDriverException: Failed to execute command webpage.element click : clickControl command failed. Reason: handset server: element not found<br/>
Build info: version: &apos;2.45.0&apos;, revision: &apos;5017cb8&apos;, time: &apos;2015-02-26 23:59:50&apos;<br/>
System info: host: &apos;Dell-PC&apos;, ip: &apos;192.168.252.188&apos;, os.name: &apos;Windows 7&apos;, os.arch: &apos;amd64&apos;, os.version: &apos;6.1&apos;, java.version: &apos;1.8.0_31&apos;<br/>
Driver info: driver.version: unknown</a><br />
        <div class="stackTrace" id="exception-2">
                      com.perfectomobile.selenium.MobileEntity.processCommonResponse(MobileEntity.java:95)<br />
                      com.perfectomobile.selenium.MobileDevice.processResponse(MobileDevice.java:545)<br />
                      com.perfectomobile.selenium.MobileApplication.processResponse(MobileApplication.java:53)<br />
                      com.perfectomobile.selenium.dom.MobileDOMApplication.processResponse(MobileDOMApplication.java:439)<br />
                      com.perfectomobile.selenium.MobileElement.processResponse(MobileElement.java:79)<br />
                      com.perfectomobile.selenium.MobileEntity.executeCommand(MobileEntity.java:60)<br />
                      com.perfectomobile.selenium.MobileEntity.executeCommand(MobileEntity.java:52)<br />
                      com.perfectomobile.selenium.MobileElement.click(MobileElement.java:139)<br />
                      sun.reflect.GeneratedMethodAccessor2530.invoke(Unknown Source)<br />
                      sun.reflect.DelegatingMethodAccessorImpl.invoke(DelegatingMethodAccessorImpl.java:43)<br />
                      java.lang.reflect.Method.invoke(Method.java:606)<br />
                      org.openqa.selenium.support.events.EventFiringWebDriver$EventFiringWebElement$1.invoke(EventFiringWebDriver.java:331)<br />
                      com.sun.proxy.$Proxy231.click(Unknown Source)<br />
                      org.openqa.selenium.support.events.EventFiringWebDriver$EventFiringWebElement.click(EventFiringWebDriver.java:344)<br />
                      sun.reflect.GeneratedMethodAccessor2530.invoke(Unknown Source)<br />
                      sun.reflect.DelegatingMethodAccessorImpl.invoke(DelegatingMethodAccessorImpl.java:43)<br />
                      java.lang.reflect.Method.invoke(Method.java:606)<br />
                      org.openqa.selenium.remote.server.KnownElements$1.invoke(KnownElements.java:63)<br />
                      com.sun.proxy.$Proxy232.click(Unknown Source)<br />
                      org.openqa.selenium.remote.server.handler.ClickElement.call(ClickElement.java:29)<br />
                      org.openqa.selenium.remote.server.handler.ClickElement.call(ClickElement.java:21)<br />
                      java.util.concurrent.FutureTask.run(FutureTask.java:262)<br />
                      org.openqa.selenium.remote.server.DefaultSession$1.run(DefaultSession.java:168)<br />
                      java.util.concurrent.ThreadPoolExecutor.runWorker(ThreadPoolExecutor.java:1145)<br />
                      java.util.concurrent.ThreadPoolExecutor$Worker.run(ThreadPoolExecutor.java:615)<br />
                      java.lang.Thread.run(Thread.java:744)<br />
                  </div>
          </div>
      </td>
</tr>
      </table>


  <table class="resultsTable">
    <tr><th colspan="3" class="header passed">Passed Tests</th></tr>
          <tr>
        <td colspan="3" class="group">test.MainTestWF</td>
      </tr>
            
<tr>
  <td class="method">
                  test00_wf
      </td>
  <td class="duration">
    36.828s
  </td>
  <td class="result">
        
    
        

      </td>
</tr>
<tr>
  <td class="method">
                  test22_wf
      </td>
  <td class="duration">
    70.128s
  </td>
  <td class="result">
        
    
        

      </td>
</tr>
<tr>
  <td class="method">
                  testTearDown
      </td>
  <td class="duration">
    194.311s
  </td>
  <td class="result">
        
    
            <div class="testOutput">
                        <a href="C:\eclipseLuna\workspace\03_CI_CertBaseWFJenkins_v3/surefire-reports/html/screenshots/01_Jul_2015__05_42_43PM.pdf">Perfecto Report</a><br />
                  </div>
    

      </td>
</tr>
      </table>
  
</body>
</html>
